#
# There is insufficient memory for the Java Runtime Environment to continue.
# Native memory allocation (malloc) failed to allocate 1923376 bytes for Chunk::new
# Possible reasons:
#   The system is out of physical RAM or swap space
#   In 32 bit mode, the process size limit was hit
# Possible solutions:
#   Reduce memory load on the system
#   Increase physical memory or swap space
#   Check if swap backing store is full
#   Use 64 bit Java on a 64 bit OS
#   Decrease Java heap size (-Xmx/-Xms)
#   Decrease number of Java threads
#   Decrease Java thread stack sizes (-Xss)
#   Set larger code cache with -XX:ReservedCodeCacheSize=
# This output file may be truncated or incomplete.
#
#  Out of Memory Error (allocation.cpp:390), pid=1856, tid=0x0000000000002244
#
# JRE version: Java(TM) SE Runtime Environment (8.0_131-b11) (build 1.8.0_131-b11)
# Java VM: Java HotSpot(TM) 64-Bit Server VM (25.131-b11 mixed mode windows-amd64 compressed oops)
# Failed to write core dump. Minidumps are not enabled by default on client versions of Windows
#

---------------  T H R E A D  ---------------

Current thread (0x000000001824e000):  JavaThread "C2 CompilerThread1" daemon [_thread_in_native, id=8772, stack(0x0000000018b20000,0x0000000018c20000)]

Stack: [0x0000000018b20000,0x0000000018c20000]
[error occurred during error reporting (printing stack bounds), id 0xc0000005]

Native frames: (J=compiled Java code, j=interpreted, Vv=VM code, C=native code)


Current CompileTask:
C2:31992522 38604   !   4       com.android.dx.dex.cf.CfTranslator::processMethods (597 bytes)


---------------  P R O C E S S  ---------------

Java Threads: ( => current thread )
  0x000000001b7b2000 JavaThread "ForkJoinPool.commonPool-worker-0" daemon [_thread_blocked, id=7236, stack(0x000000002bc90000,0x000000002bd90000)]
  0x000000001b7a7000 JavaThread "ForkJoinPool.commonPool-worker-14" daemon [_thread_in_native, id=11236, stack(0x000000002bb90000,0x000000002bc90000)]
  0x000000001b7ad800 JavaThread "ForkJoinPool.commonPool-worker-5" daemon [_thread_in_Java, id=8728, stack(0x000000002ba90000,0x000000002bb90000)]
  0x000000001b7ad000 JavaThread "ForkJoinPool.commonPool-worker-12" daemon [_thread_blocked, id=8344, stack(0x000000002b990000,0x000000002ba90000)]
  0x000000001b7ac000 JavaThread "ForkJoinPool.commonPool-worker-3" daemon [_thread_in_Java, id=11300, stack(0x000000002b890000,0x000000002b990000)]
  0x000000001b7a4800 JavaThread "ForkJoinPool.commonPool-worker-10" daemon [_thread_in_native, id=6576, stack(0x000000002b790000,0x000000002b890000)]
  0x000000001b7a7800 JavaThread "ForkJoinPool.commonPool-worker-1" daemon [_thread_in_Java, id=1228, stack(0x000000002b690000,0x000000002b790000)]
  0x000000001b7aa000 JavaThread "ForkJoinPool.commonPool-worker-8" daemon [_thread_blocked, id=1880, stack(0x000000002b590000,0x000000002b690000)]
  0x000000001b7a5800 JavaThread "Task worker for ':' Thread 7" [_thread_blocked, id=7212, stack(0x0000000029d90000,0x0000000029e90000)]
  0x000000001b7a6000 JavaThread "Task worker for ':' Thread 6" [_thread_blocked, id=2524, stack(0x0000000029950000,0x0000000029a50000)]
  0x000000001b7a9000 JavaThread "Task worker for ':' Thread 5" [_thread_blocked, id=7300, stack(0x0000000029850000,0x0000000029950000)]
  0x000000001b4fc800 JavaThread "Task worker for ':' Thread 4" [_thread_blocked, id=9092, stack(0x0000000029750000,0x0000000029850000)]
  0x000000001b4fc000 JavaThread "Task worker for ':' Thread 3" [_thread_blocked, id=4640, stack(0x0000000029650000,0x0000000029750000)]
  0x000000001b4f9000 JavaThread "Task worker for ':' Thread 2" [_thread_blocked, id=11712, stack(0x0000000029350000,0x0000000029450000)]
  0x000000001b4ff000 JavaThread "Task worker for ':'" [_thread_blocked, id=964, stack(0x0000000029250000,0x0000000029350000)]
  0x000000001b4fa800 JavaThread "Cache worker for task history cache (C:\Users\Cesar Ferreira\AndroidStudioProjects\AndroidChallenge\.gradle\4.1\taskHistory)" [_thread_blocked, id=9780, stack(0x0000000029150000,0x0000000029250000)]
  0x000000001b4fd800 JavaThread "Cache worker for file content cache (C:\Users\Cesar Ferreira\AndroidStudioProjects\AndroidChallenge\.gradle\4.1\fileContent)" [_thread_blocked, id=3284, stack(0x0000000029050000,0x0000000029150000)]
  0x000000001b4f9800 JavaThread "build operations Thread 8" [_thread_blocked, id=7996, stack(0x0000000028b50000,0x0000000028c50000)]
  0x000000001b4f1800 JavaThread "build operations Thread 7" [_thread_blocked, id=8168, stack(0x0000000027530000,0x0000000027630000)]
  0x000000001b4f7800 JavaThread "build operations Thread 6" [_thread_blocked, id=7840, stack(0x0000000027230000,0x0000000027330000)]
  0x000000001b4f5000 JavaThread "build operations Thread 5" [_thread_blocked, id=10256, stack(0x0000000026b30000,0x0000000026c30000)]
  0x000000001b4f0000 JavaThread "build operations Thread 4" [_thread_blocked, id=10552, stack(0x0000000026930000,0x0000000026a30000)]
  0x000000001b4f6800 JavaThread "build operations Thread 3" [_thread_blocked, id=5804, stack(0x0000000025be0000,0x0000000025ce0000)]
  0x000000001b4f6000 JavaThread "build operations Thread 2" [_thread_blocked, id=3060, stack(0x0000000024a50000,0x0000000024b50000)]
  0x000000001b4f0800 JavaThread "build operations" [_thread_blocked, id=340, stack(0x000000001f2a0000,0x000000001f3a0000)]
  0x000000001a94b800 JavaThread "Cache worker for Artifact transforms cache (C:\Users\Cesar Ferreira\.gradle\caches\transforms-1)" [_thread_blocked, id=9308, stack(0x000000001ce00000,0x000000001cf00000)]
  0x000000001a94f000 JavaThread "Cache worker for file hash cache (C:\Users\Cesar Ferreira\AndroidStudioProjects\AndroidChallenge\.gradle\4.1\fileHashes)" [_thread_blocked, id=924, stack(0x000000001c900000,0x000000001ca00000)]
  0x000000001a94a800 JavaThread "Stdin handler" [_thread_blocked, id=6816, stack(0x000000001c700000,0x000000001c800000)]
  0x000000001a94e800 JavaThread "Asynchronous log dispatcher for DefaultDaemonConnection: socket connection from /127.0.0.1:58825 to /127.0.0.1:54215" [_thread_blocked, id=12080, stack(0x000000001c200000,0x000000001c300000)]
  0x000000001a951800 JavaThread "Daemon worker Thread 97" [_thread_blocked, id=9828, stack(0x000000001c100000,0x000000001c200000)]
  0x000000001a950800 JavaThread "Cancel handler" [_thread_blocked, id=2920, stack(0x0000000000a10000,0x0000000000b10000)]
  0x000000001a950000 JavaThread "Handler for socket connection from /127.0.0.1:58825 to /127.0.0.1:54215" [_thread_in_native, id=2532, stack(0x0000000000910000,0x0000000000a10000)]
  0x000000001a94d800 JavaThread "Daemon Thread 97" [_thread_blocked, id=6516, stack(0x0000000000810000,0x0000000000910000)]
  0x000000001aa0e800 JavaThread "Memory manager" [_thread_blocked, id=10912, stack(0x0000000022d80000,0x0000000022e80000)]
  0x000000001aa07000 JavaThread "pool-1-thread-1" [_thread_blocked, id=11968, stack(0x0000000022a80000,0x0000000022b80000)]
  0x000000001a32e000 JavaThread "File lock request listener" [_thread_in_native, id=2792, stack(0x000000001cd00000,0x000000001ce00000)]
  0x000000001a32a800 JavaThread "Cache worker for file hash cache (C:\Users\Cesar Ferreira\.gradle\caches\4.1\fileHashes)" [_thread_blocked, id=9860, stack(0x000000001ca00000,0x000000001cb00000)]
  0x000000001a5a1800 JavaThread "Daemon periodic checks" [_thread_blocked, id=7520, stack(0x000000001c000000,0x000000001c100000)]
  0x0000000019f97000 JavaThread "Incoming local TCP Connector on port 58825" [_thread_in_native, id=11376, stack(0x000000001be00000,0x000000001bf00000)]
  0x000000001a5b3800 JavaThread "Daemon health stats" [_thread_blocked, id=9336, stack(0x000000001b7c0000,0x000000001b8c0000)]
  0x00000000182fd800 JavaThread "Service Thread" daemon [_thread_blocked, id=1636, stack(0x0000000018e20000,0x0000000018f20000)]
  0x000000001636b000 JavaThread "C1 CompilerThread3" daemon [_thread_blocked, id=10616, stack(0x0000000018d20000,0x0000000018e20000)]
  0x0000000018252000 JavaThread "C2 CompilerThread2" daemon [_thread_in_native, id=8920, stack(0x0000000018c20000,0x0000000018d20000)]
=>0x000000001824e000 JavaThread "C2 CompilerThread1" daemon [_thread_in_native, id=8772, stack(0x0000000018b20000,0x0000000018c20000)]
  0x000000001824a000 JavaThread "C2 CompilerThread0" daemon [_thread_in_native, id=1340, stack(0x0000000018a20000,0x0000000018b20000)]
  0x0000000018249800 JavaThread "Attach Listener" daemon [_thread_blocked, id=4064, stack(0x0000000018920000,0x0000000018a20000)]
  0x0000000018255800 JavaThread "Signal Dispatcher" daemon [_thread_blocked, id=6924, stack(0x0000000018820000,0x0000000018920000)]
  0x00000000024dd800 JavaThread "Finalizer" daemon [_thread_blocked, id=11296, stack(0x0000000018620000,0x0000000018720000)]
  0x000000001635d000 JavaThread "Reference Handler" daemon [_thread_blocked, id=5828, stack(0x0000000018120000,0x0000000018220000)]
  0x000000000259d800 JavaThread "main" [_thread_blocked, id=1744, stack(0x00000000022b0000,0x00000000023b0000)]

Other Threads:
  0x0000000016358800 VMThread [stack: 0x0000000018020000,0x0000000018120000] [id=7932]
  0x000000001831f000 WatcherThread [stack: 0x0000000018f20000,0x0000000019020000] [id=9596]

VM state:not at safepoint (normal execution)

VM Mutex/Monitor currently owned by a thread:  ([mutex/lock_event])
[0x000000000259bfb0] CodeCache_lock - owner thread: 0x000000001824a000

Heap:
 PSYoungGen      total 261120K, used 60072K [0x00000000e0000000, 0x00000000f2180000, 0x0000000100000000)
  eden space 227840K, 18% used [0x00000000e0000000,0x00000000e2839070,0x00000000ede80000)
  from space 33280K, 56% used [0x00000000f0100000,0x00000000f1370f98,0x00000000f2180000)
  to   space 34304K, 0% used [0x00000000ede80000,0x00000000ede80000,0x00000000f0000000)
 ParOldGen       total 337408K, used 300717K [0x00000000a0000000, 0x00000000b4980000, 0x00000000e0000000)
  object space 337408K, 89% used [0x00000000a0000000,0x00000000b25ab548,0x00000000b4980000)
 Metaspace       used 104711K, capacity 127272K, committed 127384K, reserved 1157120K
  class space    used 13926K, capacity 20649K, committed 20656K, reserved 1048576K

Card table byte_map: [0x0000000011960000,0x0000000011c70000] byte_map_base: 0x0000000011460000

Marking Bits: (ParMarkBitMap*) 0x0000000055e3c720
 Begin Bits: [0x0000000012670000, 0x0000000013e70000)
 End Bits:   [0x0000000013e70000, 0x0000000015670000)

Polling page: 0x0000000000640000

CodeCache: size=245760Kb used=113157Kb max_used=113260Kb free=132602Kb
 bounds [0x00000000025a0000, 0x0000000009510000, 0x00000000115a0000]
 total_blobs=29343 nmethods=28458 adapters=795
 compilation: enabled

Compilation events (10 events):
Event: 31989.847 Thread 0x000000001824a000 nmethod 38655 0x00000000094e7bd0 code [0x00000000094e7d20, 0x00000000094e7f58]
Event: 31989.847 Thread 0x000000001824a000 38657       4       java.util.zip.ZipOutputStream::writeExtra (106 bytes)
Event: 31989.850 Thread 0x000000001636b000 38659   !   3       com.android.dx.cf.attrib.BaseParameterAnnotations::<init> (48 bytes)
Event: 31989.851 Thread 0x000000001636b000 nmethod 38659 0x00000000094f6a50 code [0x00000000094f6c00, 0x00000000094f71e8]
Event: 31989.858 Thread 0x000000001636b000 38661       3       com.android.dx.cf.code.Merger::mergeLocals (122 bytes)
Event: 31989.858 Thread 0x000000001824a000 nmethod 38657 0x00000000094fa010 code [0x00000000094fa180, 0x00000000094fac28]
Event: 31989.858 Thread 0x000000001824a000 38660       4       java.util.DualPivotQuicksort::sort (614 bytes)
Event: 31989.859 Thread 0x000000001636b000 nmethod 38661 0x00000000094fc990 code [0x00000000094fcc00, 0x00000000094fdce8]
Event: 31989.864 Thread 0x000000001824a000 nmethod 38660 0x0000000009500550 code [0x00000000095006c0, 0x0000000009500bd8]
Event: 31989.864 Thread 0x000000001824a000 38662       4       com.android.dx.dex.code.form.Form35c::compatibleRegs (69 bytes)

GC Heap History (10 events):
Event: 31988.688 GC heap after
Heap after GC invocations=208 (full 5):
 PSYoungGen      total 194048K, used 25232K [0x00000000e0000000, 0x00000000efe80000, 0x0000000100000000)
  eden space 163328K, 0% used [0x00000000e0000000,0x00000000e0000000,0x00000000e9f80000)
  from space 30720K, 82% used [0x00000000e9f80000,0x00000000eb8241f0,0x00000000ebd80000)
  to   space 33280K, 0% used [0x00000000ede00000,0x00000000ede00000,0x00000000efe80000)
 ParOldGen       total 337408K, used 282661K [0x00000000a0000000, 0x00000000b4980000, 0x00000000e0000000)
  object space 337408K, 83% used [0x00000000a0000000,0x00000000b1409490,0x00000000b4980000)
 Metaspace       used 104707K, capacity 127272K, committed 127384K, reserved 1157120K
  class space    used 13926K, capacity 20649K, committed 20656K, reserved 1048576K
}
Event: 31988.891 GC heap before
{Heap before GC invocations=209 (full 5):
 PSYoungGen      total 194048K, used 188560K [0x00000000e0000000, 0x00000000efe80000, 0x0000000100000000)
  eden space 163328K, 100% used [0x00000000e0000000,0x00000000e9f80000,0x00000000e9f80000)
  from space 30720K, 82% used [0x00000000e9f80000,0x00000000eb8241f0,0x00000000ebd80000)
  to   space 33280K, 0% used [0x00000000ede00000,0x00000000ede00000,0x00000000efe80000)
 ParOldGen       total 337408K, used 282661K [0x00000000a0000000, 0x00000000b4980000, 0x00000000e0000000)
  object space 337408K, 83% used [0x00000000a0000000,0x00000000b1409490,0x00000000b4980000)
 Metaspace       used 104708K, capacity 127272K, committed 127384K, reserved 1157120K
  class space    used 13926K, capacity 20649K, committed 20656K, reserved 1048576K
Event: 31988.921 GC heap after
Heap after GC invocations=209 (full 5):
 PSYoungGen      total 225280K, used 25552K [0x00000000e0000000, 0x00000000f0280000, 0x0000000100000000)
  eden space 192000K, 0% used [0x00000000e0000000,0x00000000e0000000,0x00000000ebb80000)
  from space 33280K, 76% used [0x00000000ede00000,0x00000000ef6f41f0,0x00000000efe80000)
  to   space 35328K, 0% used [0x00000000ebb80000,0x00000000ebb80000,0x00000000ede00000)
 ParOldGen       total 337408K, used 287023K [0x00000000a0000000, 0x00000000b4980000, 0x00000000e0000000)
  object space 337408K, 85% used [0x00000000a0000000,0x00000000b184bf68,0x00000000b4980000)
 Metaspace       used 104708K, capacity 127272K, committed 127384K, reserved 1157120K
  class space    used 13926K, capacity 20649K, committed 20656K, reserved 1048576K
}
Event: 31989.164 GC heap before
{Heap before GC invocations=210 (full 5):
 PSYoungGen      total 225280K, used 217552K [0x00000000e0000000, 0x00000000f0280000, 0x0000000100000000)
  eden space 192000K, 100% used [0x00000000e0000000,0x00000000ebb80000,0x00000000ebb80000)
  from space 33280K, 76% used [0x00000000ede00000,0x00000000ef6f41f0,0x00000000efe80000)
  to   space 35328K, 0% used [0x00000000ebb80000,0x00000000ebb80000,0x00000000ede00000)
 ParOldGen       total 337408K, used 287023K [0x00000000a0000000, 0x00000000b4980000, 0x00000000e0000000)
  object space 337408K, 85% used [0x00000000a0000000,0x00000000b184bf68,0x00000000b4980000)
 Metaspace       used 104708K, capacity 127272K, committed 127384K, reserved 1157120K
  class space    used 13926K, capacity 20649K, committed 20656K, reserved 1048576K
Event: 31989.198 GC heap after
Heap after GC invocations=210 (full 5):
 PSYoungGen      total 227328K, used 22720K [0x00000000e0000000, 0x00000000f0280000, 0x0000000100000000)
  eden space 192000K, 0% used [0x00000000e0000000,0x00000000e0000000,0x00000000ebb80000)
  from space 35328K, 64% used [0x00000000ebb80000,0x00000000ed1b0160,0x00000000ede00000)
  to   space 33280K, 0% used [0x00000000ede00000,0x00000000ede00000,0x00000000efe80000)
 ParOldGen       total 337408K, used 289047K [0x00000000a0000000, 0x00000000b4980000, 0x00000000e0000000)
  object space 337408K, 85% used [0x00000000a0000000,0x00000000b1a45fe8,0x00000000b4980000)
 Metaspace       used 104708K, capacity 127272K, committed 127384K, reserved 1157120K
  class space    used 13926K, capacity 20649K, committed 20656K, reserved 1048576K
}
Event: 31989.420 GC heap before
{Heap before GC invocations=211 (full 5):
 PSYoungGen      total 227328K, used 214720K [0x00000000e0000000, 0x00000000f0280000, 0x0000000100000000)
  eden space 192000K, 100% used [0x00000000e0000000,0x00000000ebb80000,0x00000000ebb80000)
  from space 35328K, 64% used [0x00000000ebb80000,0x00000000ed1b0160,0x00000000ede00000)
  to   space 33280K, 0% used [0x00000000ede00000,0x00000000ede00000,0x00000000efe80000)
 ParOldGen       total 337408K, used 289047K [0x00000000a0000000, 0x00000000b4980000, 0x00000000e0000000)
  object space 337408K, 85% used [0x00000000a0000000,0x00000000b1a45fe8,0x00000000b4980000)
 Metaspace       used 104710K, capacity 127272K, committed 127384K, reserved 1157120K
  class space    used 13926K, capacity 20649K, committed 20656K, reserved 1048576K
Event: 31989.442 GC heap after
Heap after GC invocations=211 (full 5):
 PSYoungGen      total 225280K, used 22144K [0x00000000e0000000, 0x00000000f0280000, 0x0000000100000000)
  eden space 192000K, 0% used [0x00000000e0000000,0x00000000e0000000,0x00000000ebb80000)
  from space 33280K, 66% used [0x00000000ede00000,0x00000000ef3a01a0,0x00000000efe80000)
  to   space 35328K, 0% used [0x00000000ebb80000,0x00000000ebb80000,0x00000000ede00000)
 ParOldGen       total 337408K, used 292199K [0x00000000a0000000, 0x00000000b4980000, 0x00000000e0000000)
  object space 337408K, 86% used [0x00000000a0000000,0x00000000b1d59f68,0x00000000b4980000)
 Metaspace       used 104710K, capacity 127272K, committed 127384K, reserved 1157120K
  class space    used 13926K, capacity 20649K, committed 20656K, reserved 1048576K
}
Event: 31989.637 GC heap before
{Heap before GC invocations=212 (full 5):
 PSYoungGen      total 225280K, used 214144K [0x00000000e0000000, 0x00000000f0280000, 0x0000000100000000)
  eden space 192000K, 100% used [0x00000000e0000000,0x00000000ebb80000,0x00000000ebb80000)
  from space 33280K, 66% used [0x00000000ede00000,0x00000000ef3a01a0,0x00000000efe80000)
  to   space 35328K, 0% used [0x00000000ebb80000,0x00000000ebb80000,0x00000000ede00000)
 ParOldGen       total 337408K, used 292199K [0x00000000a0000000, 0x00000000b4980000, 0x00000000e0000000)
  object space 337408K, 86% used [0x00000000a0000000,0x00000000b1d59f68,0x00000000b4980000)
 Metaspace       used 104710K, capacity 127272K, committed 127384K, reserved 1157120K
  class space    used 13926K, capacity 20649K, committed 20656K, reserved 1048576K
Event: 31989.658 GC heap after
Heap after GC invocations=212 (full 5):
 PSYoungGen      total 227328K, used 22034K [0x00000000e0000000, 0x00000000f2380000, 0x0000000100000000)
  eden space 192000K, 0% used [0x00000000e0000000,0x00000000e0000000,0x00000000ebb80000)
  from space 35328K, 62% used [0x00000000ebb80000,0x00000000ed1049f0,0x00000000ede00000)
  to   space 35328K, 0% used [0x00000000f0100000,0x00000000f0100000,0x00000000f2380000)
 ParOldGen       total 337408K, used 297245K [0x00000000a0000000, 0x00000000b4980000, 0x00000000e0000000)
  object space 337408K, 88% used [0x00000000a0000000,0x00000000b2247548,0x00000000b4980000)
 Metaspace       used 104710K, capacity 127272K, committed 127384K, reserved 1157120K
  class space    used 13926K, capacity 20649K, committed 20656K, reserved 1048576K
}
Event: 31989.873 GC heap before
{Heap before GC invocations=213 (full 5):
 PSYoungGen      total 227328K, used 214034K [0x00000000e0000000, 0x00000000f2380000, 0x0000000100000000)
  eden space 192000K, 100% used [0x00000000e0000000,0x00000000ebb80000,0x00000000ebb80000)
  from space 35328K, 62% used [0x00000000ebb80000,0x00000000ed1049f0,0x00000000ede00000)
  to   space 35328K, 0% used [0x00000000f0100000,0x00000000f0100000,0x00000000f2380000)
 ParOldGen       total 337408K, used 297245K [0x00000000a0000000, 0x00000000b4980000, 0x00000000e0000000)
  object space 337408K, 88% used [0x00000000a0000000,0x00000000b2247548,0x00000000b4980000)
 Metaspace       used 104711K, capacity 127272K, committed 127384K, reserved 1157120K
  class space    used 13926K, capacity 20649K, committed 20656K, reserved 1048576K

Deoptimization events (10 events):
Event: 31989.556 Thread 0x000000001b7a7800 Uncommon trap: reason=unstable_if action=reinterpret pc=0x000000000937bc18 method=java.util.BitSet.nextClearBit(I)I @ 70
Event: 31989.556 Thread 0x000000001b7a7800 Uncommon trap: reason=unstable_if action=reinterpret pc=0x00000000093ad22c method=java.util.BitSet.nextClearBit(I)I @ 70
Event: 31989.556 Thread 0x000000001b7a7800 Uncommon trap: reason=unstable_if action=reinterpret pc=0x00000000093fe8b8 method=java.util.BitSet.nextClearBit(I)I @ 70
Event: 31989.660 Thread 0x000000001b7ad000 Uncommon trap: reason=unstable_if action=reinterpret pc=0x00000000069e46d0 method=com.android.dx.cf.code.Ropper.processBlock(Lcom/android/dx/cf/code/ByteBlock;Lcom/android/dx/cf/code/Frame;[I)V @ 651
Event: 31989.743 Thread 0x000000001b7ad000 Uncommon trap: reason=bimorphic action=maybe_recompile pc=0x00000000094c8a90 method=java.util.HashMap$TreeNode.find(ILjava/lang/Object;Ljava/lang/Class;)Ljava/util/HashMap$TreeNode; @ 68
Event: 31989.743 Thread 0x000000001b7ad000 Uncommon trap: reason=bimorphic action=maybe_recompile pc=0x00000000094c8a90 method=java.util.HashMap$TreeNode.find(ILjava/lang/Object;Ljava/lang/Class;)Ljava/util/HashMap$TreeNode; @ 68
Event: 31989.828 Thread 0x000000001b7a7000 Uncommon trap: reason=unstable_if action=reinterpret pc=0x0000000006998158 method=java.util.BitSet.set(II)V @ 48
Event: 31989.829 Thread 0x000000001b7a7000 Uncommon trap: reason=unstable_if action=reinterpret pc=0x0000000006ddc9c8 method=java.util.BitSet.set(II)V @ 48
Event: 31989.830 Thread 0x000000001b7a7000 Uncommon trap: reason=unstable_if action=reinterpret pc=0x0000000006a6eb90 method=java.util.BitSet.set(II)V @ 48
Event: 31989.856 Thread 0x000000001b7aa000 Uncommon trap: reason=unstable_if action=reinterpret pc=0x0000000002a45528 method=com.android.dx.cf.code.Merger.mergeType(Lcom/android/dx/rop/type/TypeBearer;Lcom/android/dx/rop/type/TypeBearer;)Lcom/android/dx/rop/type/TypeBearer; @ 77

Internal exceptions (10 events):
Event: 31989.413 Thread 0x000000001b7a7800 Exception <a 'sun/nio/fs/WindowsException'> (0x00000000eb5e9520) thrown at [C:\re\workspace\8-2-build-windows-amd64-cygwin\jdk8u131\8869\hotspot\src\share\vm\prims\jni.cpp, line 709]
Event: 31989.446 Thread 0x000000001b7ac000 Exception <a 'sun/nio/fs/WindowsException'> (0x00000000e0319148) thrown at [C:\re\workspace\8-2-build-windows-amd64-cygwin\jdk8u131\8869\hotspot\src\share\vm\prims\jni.cpp, line 709]
Event: 31989.447 Thread 0x000000001b7ad000 Exception <a 'sun/nio/fs/WindowsException'> (0x00000000e0403c60) thrown at [C:\re\workspace\8-2-build-windows-amd64-cygwin\jdk8u131\8869\hotspot\src\share\vm\prims\jni.cpp, line 709]
Event: 31989.543 Thread 0x000000001b7ac000 Exception <a 'sun/nio/fs/WindowsException'> (0x00000000e6a0f280) thrown at [C:\re\workspace\8-2-build-windows-amd64-cygwin\jdk8u131\8869\hotspot\src\share\vm\prims\jni.cpp, line 709]
Event: 31989.558 Thread 0x000000001b7ad000 Exception <a 'sun/nio/fs/WindowsException'> (0x00000000e7512a38) thrown at [C:\re\workspace\8-2-build-windows-amd64-cygwin\jdk8u131\8869\hotspot\src\share\vm\prims\jni.cpp, line 709]
Event: 31989.578 Thread 0x000000001b7ad800 Exception <a 'sun/nio/fs/WindowsException'> (0x00000000e8164058) thrown at [C:\re\workspace\8-2-build-windows-amd64-cygwin\jdk8u131\8869\hotspot\src\share\vm\prims\jni.cpp, line 709]
Event: 31989.621 Thread 0x000000001b7a4800 Exception <a 'sun/nio/fs/WindowsException'> (0x00000000eac5d970) thrown at [C:\re\workspace\8-2-build-windows-amd64-cygwin\jdk8u131\8869\hotspot\src\share\vm\prims\jni.cpp, line 709]
Event: 31989.634 Thread 0x000000001b7ad000 Exception <a 'sun/nio/fs/WindowsException'> (0x00000000eb89dcb0) thrown at [C:\re\workspace\8-2-build-windows-amd64-cygwin\jdk8u131\8869\hotspot\src\share\vm\prims\jni.cpp, line 709]
Event: 31989.766 Thread 0x000000001b7ac000 Exception <a 'sun/nio/fs/WindowsException'> (0x00000000e58f5ef8) thrown at [C:\re\workspace\8-2-build-windows-amd64-cygwin\jdk8u131\8869\hotspot\src\share\vm\prims\jni.cpp, line 709]
Event: 31989.871 Thread 0x000000001b7b2000 Exception <a 'sun/nio/fs/WindowsException'> (0x00000000eb9d8068) thrown at [C:\re\workspace\8-2-build-windows-amd64-cygwin\jdk8u131\8869\hotspot\src\share\vm\prims\jni.cpp, line 709]

Events (10 events):
Event: 31989.829 Thread 0x000000001b7a7000 Uncommon trap: trap_request=0xffffff65 fr.pc=0x0000000006ddc9c8
Event: 31989.829 Thread 0x000000001b7a7000 DEOPT PACKING pc=0x0000000006ddc9c8 sp=0x000000002bc8e540
Event: 31989.829 Thread 0x000000001b7a7000 DEOPT UNPACKING pc=0x00000000025e582a sp=0x000000002bc8e3b0 mode 2
Event: 31989.830 Thread 0x000000001b7a7000 Uncommon trap: trap_request=0xffffff65 fr.pc=0x0000000006a6eb90
Event: 31989.830 Thread 0x000000001b7a7000 DEOPT PACKING pc=0x0000000006a6eb90 sp=0x000000002bc8e210
Event: 31989.830 Thread 0x000000001b7a7000 DEOPT UNPACKING pc=0x00000000025e582a sp=0x000000002bc8e1d8 mode 2
Event: 31989.856 Thread 0x000000001b7aa000 Uncommon trap: trap_request=0xffffff65 fr.pc=0x0000000002a45528
Event: 31989.856 Thread 0x000000001b7aa000 DEOPT PACKING pc=0x0000000002a45528 sp=0x000000002b68e1f0
Event: 31989.856 Thread 0x000000001b7aa000 DEOPT UNPACKING pc=0x00000000025e582a sp=0x000000002b68e140 mode 2
Event: 31989.872 Executing VM operation: ParallelGCFailedAllocation


Dynamic libraries:
0x00007ff704f60000 - 0x00007ff704f97000 	C:\Program Files\Java\jdk1.8.0_131\bin\java.exe
0x00007ff984710000 - 0x00007ff9848d2000 	C:\Windows\SYSTEM32\ntdll.dll
0x00007ff981dd0000 - 0x00007ff981e7d000 	C:\Windows\system32\KERNEL32.DLL
0x00007ff981500000 - 0x00007ff9816dd000 	C:\Windows\system32\KERNELBASE.dll
0x00007ff982dc0000 - 0x00007ff982e66000 	C:\Windows\system32\ADVAPI32.dll
0x00007ff9824a0000 - 0x00007ff98253d000 	C:\Windows\system32\msvcrt.dll
0x00007ff982440000 - 0x00007ff98249b000 	C:\Windows\system32\sechost.dll
0x00007ff982050000 - 0x00007ff982176000 	C:\Windows\system32\RPCRT4.dll
0x00007ff982fc0000 - 0x00007ff98310e000 	C:\Windows\system32\USER32.dll
0x00007ff982ac0000 - 0x00007ff982c43000 	C:\Windows\system32\GDI32.dll
0x00007ff97c0e0000 - 0x00007ff97c354000 	C:\Windows\WinSxS\amd64_microsoft.windows.common-controls_6595b64144ccf1df_6.0.10240.17184_none_f41d7a705752bce6\COMCTL32.dll
0x00007ff9821f0000 - 0x00007ff982226000 	C:\Windows\system32\IMM32.DLL
0x00007ff982c50000 - 0x00007ff982dac000 	C:\Windows\system32\MSCTF.dll
0x0000000056c30000 - 0x0000000056d02000 	C:\Program Files\Java\jdk1.8.0_131\jre\bin\msvcr100.dll
0x0000000055620000 - 0x0000000055ebc000 	C:\Program Files\Java\jdk1.8.0_131\jre\bin\server\jvm.dll
0x00007ff982ab0000 - 0x00007ff982ab8000 	C:\Windows\system32\PSAPI.DLL
0x00007ff97c8e0000 - 0x00007ff97c8e9000 	C:\Windows\SYSTEM32\WSOCK32.dll
0x00007ff97c730000 - 0x00007ff97c73a000 	C:\Windows\SYSTEM32\VERSION.dll
0x00007ff97f290000 - 0x00007ff97f2b3000 	C:\Windows\SYSTEM32\WINMM.dll
0x00007ff982180000 - 0x00007ff9821e9000 	C:\Windows\system32\WS2_32.dll
0x00007ff982db0000 - 0x00007ff982db8000 	C:\Windows\system32\NSI.dll
0x00007ff97f260000 - 0x00007ff97f28c000 	C:\Windows\SYSTEM32\WINMMBASE.dll
0x00007ff9814b0000 - 0x00007ff9814f4000 	C:\Windows\system32\cfgmgr32.dll
0x00007ff97fa10000 - 0x00007ff97fa37000 	C:\Windows\SYSTEM32\DEVOBJ.dll
0x0000000056c20000 - 0x0000000056c2f000 	C:\Program Files\Java\jdk1.8.0_131\jre\bin\verify.dll
0x0000000056bf0000 - 0x0000000056c19000 	C:\Program Files\Java\jdk1.8.0_131\jre\bin\java.dll
0x0000000056bd0000 - 0x0000000056be6000 	C:\Program Files\Java\jdk1.8.0_131\jre\bin\zip.dll
0x00007ff983110000 - 0x00007ff984633000 	C:\Windows\system32\SHELL32.dll
0x00007ff9817a0000 - 0x00007ff981dc9000 	C:\Windows\system32\windows.storage.dll
0x00007ff9825a0000 - 0x00007ff98281c000 	C:\Windows\system32\combase.dll
0x00007ff9823e0000 - 0x00007ff982431000 	C:\Windows\system32\shlwapi.dll
0x00007ff981170000 - 0x00007ff98117f000 	C:\Windows\system32\kernel.appcore.dll
0x00007ff9816e0000 - 0x00007ff981793000 	C:\Windows\system32\shcore.dll
0x00007ff981180000 - 0x00007ff9811ca000 	C:\Windows\system32\powrprof.dll
0x00007ff981150000 - 0x00007ff981163000 	C:\Windows\system32\profapi.dll
0x0000000056bb0000 - 0x0000000056bca000 	C:\Program Files\Java\jdk1.8.0_131\jre\bin\net.dll
0x00007ff980940000 - 0x00007ff98099d000 	C:\Windows\system32\mswsock.dll
0x0000000056b90000 - 0x0000000056ba1000 	C:\Program Files\Java\jdk1.8.0_131\jre\bin\nio.dll
0x00007ff9776b0000 - 0x00007ff9776ce000 	C:\Users\Cesar Ferreira\.gradle\native\25\windows-amd64\native-platform.dll
0x0000000056b80000 - 0x0000000056b8d000 	C:\Program Files\Java\jdk1.8.0_131\jre\bin\management.dll
0x00007ff9809a0000 - 0x00007ff9809b7000 	C:\Windows\SYSTEM32\CRYPTSP.dll
0x00007ff981060000 - 0x00007ff981088000 	C:\Windows\SYSTEM32\bcrypt.dll
0x00007ff9805f0000 - 0x00007ff980623000 	C:\Windows\system32\rsaenh.dll
0x00007ff980720000 - 0x00007ff98073f000 	C:\Windows\SYSTEM32\USERENV.dll
0x00007ff980ef0000 - 0x00007ff980f5b000 	C:\Windows\system32\bcryptprimitives.dll
0x00007ff980b10000 - 0x00007ff980b1b000 	C:\Windows\SYSTEM32\CRYPTBASE.dll
0x00007ff97f080000 - 0x00007ff97f0b8000 	C:\Windows\SYSTEM32\IPHLPAPI.DLL
0x00007ff97f020000 - 0x00007ff97f02b000 	C:\Windows\SYSTEM32\WINNSI.DLL
0x00007ff97d0b0000 - 0x00007ff97d0c6000 	C:\Windows\SYSTEM32\dhcpcsvc6.DLL
0x00007ff97d090000 - 0x00007ff97d0aa000 	C:\Windows\SYSTEM32\dhcpcsvc.DLL
0x00007ff97f8c0000 - 0x00007ff97f938000 	C:\Windows\system32\apphelp.dll
0x00007ff980470000 - 0x00007ff9804a2000 	C:\Windows\SYSTEM32\ntmarta.dll
0x0000000056b50000 - 0x0000000056b74000 	C:\Program Files\Java\jdk1.8.0_131\jre\bin\sunec.dll
0x00007ff980740000 - 0x00007ff9807e8000 	C:\Windows\SYSTEM32\DNSAPI.dll
0x00007ff978a30000 - 0x00007ff978a3a000 	C:\Windows\System32\rasadhlp.dll
0x00007ff97c660000 - 0x00007ff97c6c8000 	C:\Windows\System32\fwpuclnt.dll
0x00000000538c0000 - 0x00000000538cb000 	C:\Program Files\Java\jdk1.8.0_131\jre\bin\sunmscapi.dll
0x00007ff981230000 - 0x00007ff9813f1000 	C:\Windows\system32\CRYPT32.dll
0x00007ff981130000 - 0x00007ff981141000 	C:\Windows\system32\MSASN1.dll

VM Arguments:
jvm_args: -Xmx1536m -Dfile.encoding=windows-1252 -Duser.country=PT -Duser.language=pt -Duser.variant 
java_command: org.gradle.launcher.daemon.bootstrap.GradleDaemon 4.1
java_class_path (initial): C:\Program Files\Android\Android Studio\gradle\gradle-4.1\lib\gradle-launcher-4.1.jar
Launcher Type: SUN_STANDARD

Environment Variables:
JAVA_HOME=C:\Program Files\Java\jdk1.8.0_131
PATH=C:\Program Files (x86)\Intel\iCLS Client\;C:\Program Files\Intel\iCLS Client\;C:\Windows\system32;C:\Windows;C:\Windows\System32\Wbem;C:\Windows\System32\WindowsPowerShell\v1.0\;C:\Program Files (x86)\Intel\Intel(R) Management Engine Components\DAL;C:\Program Files\Intel\Intel(R) Management Engine Components\DAL;C:\Program Files (x86)\Intel\Intel(R) Management Engine Components\IPT;C:\Program Files\Intel\Intel(R) Management Engine Components\IPT;C:\Program Files (x86)\NVIDIA Corporation\PhysX\Common;C:\HashiCorp\Vagrant\bin;C:\Program Files\Git\cmd;C:\Program Files (x86)\Skype\Phone\
USERNAME=Cesar Ferreira
OS=Windows_NT
PROCESSOR_IDENTIFIER=Intel64 Family 6 Model 60 Stepping 3, GenuineIntel



---------------  S Y S T E M  ---------------

OS: Windows 10.0 , 64 bit Build 10240 (10.0.10240.17113)

CPU:total 8 (initial active 8) (4 cores per cpu, 2 threads per core) family 6 model 60 stepping 3, cmov, cx8, fxsr, mmx, sse, sse2, sse3, ssse3, sse4.1, sse4.2, popcnt, avx, avx2, aes, clmul, erms, lzcnt, ht, tsc, tscinvbit, bmi1, bmi2

Memory: 4k page, physical 8274988k(1303000k free), swap 10226732k(6884k free)

vm_info: Java HotSpot(TM) 64-Bit Server VM (25.131-b11) for windows-amd64 JRE (1.8.0_131-b11), built on Mar 15 2017 01:23:53 by "java_re" with MS VC++ 10.0 (VS2010)

time: Fri Feb 09 17:30:12 2018
elapsed time: 31989 seconds (0d 8h 53m 9s)

